C:\Users\basir\Source\Repos\SprintOverview\Thesis\Thesis\WebApp\ClientApp\dist\out-tsc\e2e\src\app.po.js
C:\Users\basir\Source\Repos\SprintOverview\Thesis\Thesis\WebApp\ClientApp\dist\out-tsc\e2e\src\app.po.js.map
C:\Users\basir\Source\Repos\SprintOverview\Thesis\Thesis\WebApp\ClientApp\dist\out-tsc\e2e\src\app.e2e-spec.js
C:\Users\basir\Source\Repos\SprintOverview\Thesis\Thesis\WebApp\ClientApp\dist\out-tsc\e2e\src\app.e2e-spec.js.map
C:\Users\basir\Source\Repos\SprintOverview\Thesis\Thesis\WebApp\ClientApp\dist\out-tsc\src\environments\environment.js
C:\Users\basir\Source\Repos\SprintOverview\Thesis\Thesis\WebApp\ClientApp\dist\out-tsc\src\environments\environment.js.map
C:\Users\basir\Source\Repos\SprintOverview\Thesis\Thesis\WebApp\ClientApp\dist\out-tsc\src\app\services\rest.service.js
C:\Users\basir\Source\Repos\SprintOverview\Thesis\Thesis\WebApp\ClientApp\dist\out-tsc\src\app\services\rest.service.js.map
C:\Users\basir\Source\Repos\SprintOverview\Thesis\Thesis\WebApp\ClientApp\dist\out-tsc\src\app\models\sprintoverview.model.js
C:\Users\basir\Source\Repos\SprintOverview\Thesis\Thesis\WebApp\ClientApp\dist\out-tsc\src\app\models\sprintoverview.model.js.map
C:\Users\basir\Source\Repos\SprintOverview\Thesis\Thesis\WebApp\ClientApp\dist\out-tsc\src\app\services\sprint-overview.service.js
C:\Users\basir\Source\Repos\SprintOverview\Thesis\Thesis\WebApp\ClientApp\dist\out-tsc\src\app\services\sprint-overview.service.js.map
C:\Users\basir\Source\Repos\SprintOverview\Thesis\Thesis\WebApp\ClientApp\dist\out-tsc\src\app\sprint-overview\sprint-overview.component.js
C:\Users\basir\Source\Repos\SprintOverview\Thesis\Thesis\WebApp\ClientApp\dist\out-tsc\src\app\sprint-overview\sprint-overview.component.js.map
C:\Users\basir\Source\Repos\SprintOverview\Thesis\Thesis\WebApp\ClientApp\dist\out-tsc\src\app\app-routing.module.js
C:\Users\basir\Source\Repos\SprintOverview\Thesis\Thesis\WebApp\ClientApp\dist\out-tsc\src\app\app-routing.module.js.map
C:\Users\basir\Source\Repos\SprintOverview\Thesis\Thesis\WebApp\ClientApp\dist\out-tsc\src\app\app.component.js
C:\Users\basir\Source\Repos\SprintOverview\Thesis\Thesis\WebApp\ClientApp\dist\out-tsc\src\app\app.component.js.map
C:\Users\basir\Source\Repos\SprintOverview\Thesis\Thesis\WebApp\ClientApp\dist\out-tsc\src\app\app.module.js
C:\Users\basir\Source\Repos\SprintOverview\Thesis\Thesis\WebApp\ClientApp\dist\out-tsc\src\app\app.module.js.map
C:\Users\basir\Source\Repos\SprintOverview\Thesis\Thesis\WebApp\ClientApp\dist\out-tsc\src\main.js
C:\Users\basir\Source\Repos\SprintOverview\Thesis\Thesis\WebApp\ClientApp\dist\out-tsc\src\main.js.map
C:\Users\basir\Source\Repos\SprintOverview\Thesis\Thesis\WebApp\ClientApp\dist\out-tsc\src\polyfills.js
C:\Users\basir\Source\Repos\SprintOverview\Thesis\Thesis\WebApp\ClientApp\dist\out-tsc\src\polyfills.js.map
C:\Users\basir\Source\Repos\SprintOverview\Thesis\Thesis\WebApp\ClientApp\dist\out-tsc\src\test.js
C:\Users\basir\Source\Repos\SprintOverview\Thesis\Thesis\WebApp\ClientApp\dist\out-tsc\src\test.js.map
C:\Users\basir\Source\Repos\SprintOverview\Thesis\Thesis\WebApp\ClientApp\dist\out-tsc\src\app\app.component.spec.js
C:\Users\basir\Source\Repos\SprintOverview\Thesis\Thesis\WebApp\ClientApp\dist\out-tsc\src\app\app.component.spec.js.map
C:\Users\basir\Source\Repos\SprintOverview\Thesis\Thesis\WebApp\ClientApp\dist\out-tsc\src\environments\environment.prod.js
C:\Users\basir\Source\Repos\SprintOverview\Thesis\Thesis\WebApp\ClientApp\dist\out-tsc\src\environments\environment.prod.js.map
